lug 11, 2020 3:57:02 PM it.unicam.cs.pa.jbudget105056.controller.LoggerManagerImplementation setMessage
INFO: Account Aggiunto: Account {ID: 1326890527, name: Cassa, description: Portafoglio Personale, opening: 150.0, type: ASSETS, movements:  }
lug 11, 2020 3:58:13 PM it.unicam.cs.pa.jbudget105056.controller.LoggerManagerImplementation setMessage
INFO: Account Aggiunto: Account {ID: 1326890527, name: Cassa, description: Portafoglio Personale, opening: 150.0, type: ASSETS, movements:  }
lug 11, 2020 3:58:41 PM it.unicam.cs.pa.jbudget105056.controller.LoggerManagerImplementation setMessage
INFO: Account Aggiunto: Account {ID: 839305604, name: Conto Bancario, description: Conto Bancario Personale, opening: 5000.0, type: ASSETS, movements:  }
lug 11, 2020 3:59:11 PM it.unicam.cs.pa.jbudget105056.controller.LoggerManagerImplementation setMessage
INFO: Account Aggiunto: Account {ID: 1863149701, name: HYPE, description: Carta Prepagata, opening: 500.0, type: ASSETS, movements:  }
lug 11, 2020 4:07:17 PM it.unicam.cs.pa.jbudget105056.controller.LoggerManagerImplementation setMessage
INFO: Tag Aggiunto: Tag { ID: 588683109, name: Spese Fianaziarie, description: Prelievo }
lug 11, 2020 4:08:56 PM it.unicam.cs.pa.jbudget105056.controller.LoggerManagerImplementation setMessage
INFO: Tag Aggiunto: Tag { ID: -1592858696, name: Veicoli, description: Manutenzione }

lug 11, 2020 4:09:11 PM it.unicam.cs.pa.jbudget105056.controller.LoggerManagerImplementation setMessage
INFO: Tag Aggiunto: Tag { ID: 1264281261, name: Shopping, description: Abbigliamento e Scarpe }

lug 11, 2020 4:09:43 PM it.unicam.cs.pa.jbudget105056.controller.LoggerManagerImplementation setMessage
INFO: Tag Aggiunto: Tag { ID: -828794775, name: Cibo e Bevande, description: Generi alimentari }

lug 11, 2020 4:11:57 PM it.unicam.cs.pa.jbudget105056.controller.LoggerManagerImplementation setMessage
INFO: Budget Aggiunto: Tag { ID: -828794775, name: Cibo e Bevande, description: Generi alimentari }: 50.0

lug 11, 2020 4:12:15 PM it.unicam.cs.pa.jbudget105056.controller.LoggerManagerImplementation setMessage
INFO: Budget Aggiunto: Tag { ID: 588683109, name: Spese Fianaziarie, description: Prelievo }: 2500.0

lug 11, 2020 4:12:25 PM it.unicam.cs.pa.jbudget105056.controller.LoggerManagerImplementation setMessage
INFO: Budget Aggiunto: Tag { ID: -1592858696, name: Veicoli, description: Manutenzione }: 700.0

lug 11, 2020 4:12:39 PM it.unicam.cs.pa.jbudget105056.controller.LoggerManagerImplementation setMessage
INFO: Budget Aggiunto: Tag { ID: 1264281261, name: Shopping, description: Abbigliamento e Scarpe }: 250.0

lug 11, 2020 4:13:49 PM it.unicam.cs.pa.jbudget105056.controller.LoggerManagerImplementation setMessage
INFO: Transazione Aggiunta: Transaction {ID: 1028926857, tags: [Tag { ID: -828794775, name: Cibo e Bevande, description: Generi alimentari }], date: Wed Jul 08 20:30:00 CEST 2020, movements: Movement { ID: 1539330489, description: 'Pizza con Amici, amount: 15.7, accountID: 1326890527, type: DEBIT, transactionID: 1028926857 }
 }

lug 11, 2020 4:15:23 PM it.unicam.cs.pa.jbudget105056.controller.LoggerManagerImplementation setMessage
INFO: Transazione Aggiunta: Transaction {ID: 1988258559, tags: [Tag { ID: -828794775, name: Cibo e Bevande, description: Generi alimentari }], date: Fri Jul 10 15:30:00 CEST 2020, movements: Movement { ID: 312757802, description: 'Regalo Nonna, amount: 50.0, accountID: 1326890527, type: CREDITS, transactionID: 1988258559 }
 }

lug 11, 2020 4:15:38 PM it.unicam.cs.pa.jbudget105056.controller.LoggerManagerImplementation setMessage
INFO: Transazione rimossa: Transaction {ID: 1988258559, tags: [Tag { ID: -828794775, name: Cibo e Bevande, description: Generi alimentari }], date: Fri Jul 10 15:30:00 CEST 2020, movements: Movement { ID: 312757802, description: 'Regalo Nonna, amount: 50.0, accountID: 1326890527, type: CREDITS, transactionID: 1988258559 }
 }

lug 11, 2020 4:16:34 PM it.unicam.cs.pa.jbudget105056.controller.LoggerManagerImplementation setMessage
INFO: Transazione Aggiunta: Transaction {ID: -287071170, tags: [Tag { ID: 588683109, name: Spese Fianaziarie, description: Prelievo }], date: Tue Jul 07 15:30:00 CEST 2020, movements: Movement { ID: 312757802, description: 'Regalo Nonna, amount: 50.0, accountID: 1326890527, type: CREDITS, transactionID: -287071170 }
 }

lug 11, 2020 4:17:16 PM it.unicam.cs.pa.jbudget105056.controller.LoggerManagerImplementation setMessage
INFO: Transazione Aggiunta: Transaction {ID: 1995608633, tags: [Tag { ID: 588683109, name: Spese Fianaziarie, description: Prelievo }], date: Fri Jul 10 12:00:00 CEST 2020, movements: Movement { ID: -1386009234, description: 'Borsa Erdis, amount: 500.0, accountID: 1863149701, type: CREDITS, transactionID: 1995608633 }
 }

lug 11, 2020 4:22:42 PM it.unicam.cs.pa.jbudget105056.controller.LoggerManagerImplementation setMessage
INFO: Transazione Programmata Aggiunta: it.unicam.cs.pa.jbudget105056.model.ScheduledTransactionImplementation@b4f3cc49

lug 13, 2020 10:12:32 AM it.unicam.cs.pa.jbudget105056.controller.LoggerManagerImplementation setMessage
INFO: Transazioni Schedulate: [Transaction {ID: -362306235, tags: [Tag { ID: 2087281550, name: Scheduled Transaction, description: Transazione Programmata }], date: Sun Jul 12 00:00:00 CEST 2020, movements: Movement { ID: 1220190528, description: 'Iphone Numero: 1, amount: 250.0, accountID: 839305604, type: DEBIT, transactionID: -362306235 }
 }]

lug 13, 2020 10:15:39 AM it.unicam.cs.pa.jbudget105056.controller.LoggerManagerImplementation setMessage
INFO: Transazioni Schedulate: [Transaction {ID: -362306235, tags: [Tag { ID: 2087281550, name: Scheduled Transaction, description: Transazione Programmata }], date: Sun Jul 12 00:00:00 CEST 2020, movements: Movement { ID: 1220190528, description: 'Iphone Numero: 1, amount: 250.0, accountID: 839305604, type: DEBIT, transactionID: -362306235 }
 }]

lug 13, 2020 12:50:25 PM it.unicam.cs.pa.jbudget105056.controller.LoggerManagerImplementation setMessage
INFO: Transazioni Schedulate: [Transaction {ID: -362306235, tags: [Tag { ID: 2087281550, name: Scheduled Transaction, description: Transazione Programmata }], date: Sun Jul 12 00:00:00 CEST 2020, movements: Movement { ID: 1220190528, description: 'Iphone Numero: 1, amount: 250.0, accountID: 839305604, type: DEBIT, transactionID: -362306235 }
 }]

lug 13, 2020 12:58:52 PM it.unicam.cs.pa.jbudget105056.controller.LoggerManagerImplementation setMessage
INFO: Transazioni Schedulate: [Transaction {ID: -362306235, tags: [Tag { ID: 2087281550, name: Scheduled Transaction, description: Transazione Programmata }], date: Sun Jul 12 00:00:00 CEST 2020, movements: Movement { ID: 1220190528, description: 'Iphone Numero: 1, amount: 250.0, accountID: 839305604, type: DEBIT, transactionID: -362306235 }
 }]

lug 13, 2020 2:54:42 PM it.unicam.cs.pa.jbudget105056.controller.LoggerManagerImplementation setMessage
INFO: Account Aggiunto: Account {ID: -1364112325, name: trr, description: rr4r4r, opening: 0.0, type: LIABILITIES, movements:  }

lug 13, 2020 2:54:47 PM it.unicam.cs.pa.jbudget105056.controller.LoggerManagerImplementation setMessage
INFO: Account Rimosso: Account {ID: -1364112325, name: trr, description: rr4r4r, opening: 0.0, type: LIABILITIES, movements:  }

lug 13, 2020 2:58:52 PM it.unicam.cs.pa.jbudget105056.controller.LoggerManagerImplementation setMessage
INFO: Account Aggiunto: Account {ID: 252004903, name: jfffhjh, description: jfjh, opening: 0.0, type: ASSETS, movements:  }

lug 13, 2020 2:58:56 PM it.unicam.cs.pa.jbudget105056.controller.LoggerManagerImplementation setMessage
INFO: Account Rimosso: Account {ID: 252004903, name: jfffhjh, description: jfjh, opening: 0.0, type: ASSETS, movements:  }

lug 13, 2020 3:36:38 PM it.unicam.cs.pa.jbudget105056.controller.LoggerManagerImplementation setMessage
INFO: Transazione Aggiunta: Transaction {ID: 803345673, tags: [Tag { ID: 1264281261, name: Shopping, description: Abbigliamento e Scarpe }], date: Wed Jul 15 20:07:06 CEST 2020, movements: Movement { ID: -1511597823, description: 'Telefono nuovo, amount: 100.0, accountID: 1863149701, type: DEBIT, transactionID: 803345673 }
 }

lug 14, 2020 8:48:40 AM it.unicam.cs.pa.jbudget105056.controller.LoggerManagerImplementation setMessage
INFO: Account Aggiunto: Account {ID: -432812177, name: test, description: test, opening: 0.02, type: LIABILITIES, movements:  }

lug 14, 2020 10:03:45 AM it.unicam.cs.pa.jbudget105056.controller.LoggerManagerImplementation setMessage
INFO: Budget Rimosso: Tag { ID: 588683109, name: Spese Fianaziarie, description: Prelievo }

lug 14, 2020 10:03:52 AM it.unicam.cs.pa.jbudget105056.controller.LoggerManagerImplementation setMessage
INFO: Budget Aggiunto: Tag { ID: 588683109, name: Spese Fianaziarie, description: Prelievo }: 2300.0

lug 14, 2020 10:04:30 AM it.unicam.cs.pa.jbudget105056.controller.LoggerManagerImplementation setMessage
INFO: Transazione Programmata Aggiunta: it.unicam.cs.pa.jbudget105056.model.ScheduledTransactionImplementation@26b712ec

lug 15, 2020 9:22:26 AM it.unicam.cs.pa.jbudget105056.controller.LoggerManagerImplementation setMessage
INFO: Account Aggiunto: Account {ID: 1326890527, name: Cassa, description: Portafoglio Personale, opening: 30.5, type: ASSETS, movements:  }

lug 15, 2020 9:22:26 AM it.unicam.cs.pa.jbudget105056.controller.LoggerManagerImplementation setMessage
INFO: Account Aggiunto: Account {ID: 559058207, name: Conto Bancario, description: Conto Bancario, opening: 2489.78, type: ASSETS, movements:  }

lug 15, 2020 9:22:26 AM it.unicam.cs.pa.jbudget105056.controller.LoggerManagerImplementation setMessage
INFO: Account Aggiunto: Account {ID: -705401879, name: Carta di Debito, description: Carta di debito, opening: 0.0, type: LIABILITIES, movements:  }

lug 15, 2020 9:22:26 AM it.unicam.cs.pa.jbudget105056.controller.LoggerManagerImplementation setMessage
INFO: Tag Aggiunto: Tag { ID: -1158587444, name: Shopping, description: Abbigliamento & Scarpe }

lug 15, 2020 9:22:26 AM it.unicam.cs.pa.jbudget105056.controller.LoggerManagerImplementation setMessage
INFO: Tag Aggiunto: Tag { ID: 1371686698, name: Cibo & Bevande, description: Generi alimentari }

lug 15, 2020 9:22:26 AM it.unicam.cs.pa.jbudget105056.controller.LoggerManagerImplementation setMessage
INFO: Tag Aggiunto: Tag { ID: 588683109, name: Spese Fianaziarie, description: Prelievo }

lug 15, 2020 9:22:26 AM it.unicam.cs.pa.jbudget105056.controller.LoggerManagerImplementation setMessage
INFO: Transazione Aggiunta: Transaction {ID: -696496647, tags: [Tag { ID: 1371686698, name: Cibo & Bevande, description: Generi alimentari }], date: Wed Jul 15 09:22:26 CEST 2020, movements: Movement { ID: 1539330489, description: 'Pizza con Amici, amount: 10.56, accountID: 1326890527, type: DEBIT, transactionID: -696496647 }
 }

lug 15, 2020 9:25:03 AM it.unicam.cs.pa.jbudget105056.controller.LoggerManagerImplementation setMessage
INFO: Account Aggiunto: Account {ID: 1326890527, name: Cassa, description: Portafoglio Personale, opening: 30.5, type: ASSETS, movements:  }

lug 15, 2020 9:25:03 AM it.unicam.cs.pa.jbudget105056.controller.LoggerManagerImplementation setMessage
INFO: Account Aggiunto: Account {ID: 559058207, name: Conto Bancario, description: Conto Bancario, opening: 2489.78, type: ASSETS, movements:  }

lug 15, 2020 9:25:03 AM it.unicam.cs.pa.jbudget105056.controller.LoggerManagerImplementation setMessage
INFO: Account Aggiunto: Account {ID: -705401879, name: Carta di Debito, description: Carta di debito, opening: 0.0, type: LIABILITIES, movements:  }

lug 15, 2020 9:25:03 AM it.unicam.cs.pa.jbudget105056.controller.LoggerManagerImplementation setMessage
INFO: Tag Aggiunto: Tag { ID: -1158587444, name: Shopping, description: Abbigliamento & Scarpe }

lug 15, 2020 9:25:03 AM it.unicam.cs.pa.jbudget105056.controller.LoggerManagerImplementation setMessage
INFO: Tag Aggiunto: Tag { ID: 1371686698, name: Cibo & Bevande, description: Generi alimentari }

lug 15, 2020 9:25:03 AM it.unicam.cs.pa.jbudget105056.controller.LoggerManagerImplementation setMessage
INFO: Tag Aggiunto: Tag { ID: 588683109, name: Spese Fianaziarie, description: Prelievo }

lug 15, 2020 9:25:03 AM it.unicam.cs.pa.jbudget105056.controller.LoggerManagerImplementation setMessage
INFO: Transazione Aggiunta: Transaction {ID: -1375451179, tags: [Tag { ID: 1371686698, name: Cibo & Bevande, description: Generi alimentari }], date: Wed Jul 15 09:25:03 CEST 2020, movements: Movement { ID: 1539330489, description: 'Pizza con Amici, amount: 10.56, accountID: 1326890527, type: DEBIT, transactionID: -1375451179 }
 }

lug 15, 2020 9:26:03 AM it.unicam.cs.pa.jbudget105056.controller.LoggerManagerImplementation setMessage
INFO: Account Aggiunto: Account {ID: 1326890527, name: Cassa, description: Portafoglio Personale, opening: 30.5, type: ASSETS, movements:  }

lug 15, 2020 9:26:03 AM it.unicam.cs.pa.jbudget105056.controller.LoggerManagerImplementation setMessage
INFO: Account Aggiunto: Account {ID: 559058207, name: Conto Bancario, description: Conto Bancario, opening: 2489.78, type: ASSETS, movements:  }

lug 15, 2020 9:26:03 AM it.unicam.cs.pa.jbudget105056.controller.LoggerManagerImplementation setMessage
INFO: Account Aggiunto: Account {ID: -705401879, name: Carta di Debito, description: Carta di debito, opening: 0.0, type: LIABILITIES, movements:  }

lug 15, 2020 9:26:03 AM it.unicam.cs.pa.jbudget105056.controller.LoggerManagerImplementation setMessage
INFO: Tag Aggiunto: Tag { ID: -1158587444, name: Shopping, description: Abbigliamento & Scarpe }

lug 15, 2020 9:26:03 AM it.unicam.cs.pa.jbudget105056.controller.LoggerManagerImplementation setMessage
INFO: Tag Aggiunto: Tag { ID: 1371686698, name: Cibo & Bevande, description: Generi alimentari }

lug 15, 2020 9:26:03 AM it.unicam.cs.pa.jbudget105056.controller.LoggerManagerImplementation setMessage
INFO: Tag Aggiunto: Tag { ID: 588683109, name: Spese Fianaziarie, description: Prelievo }

lug 15, 2020 9:26:03 AM it.unicam.cs.pa.jbudget105056.controller.LoggerManagerImplementation setMessage
INFO: Transazione Aggiunta: Transaction {ID: -1881009804, tags: [Tag { ID: 1371686698, name: Cibo & Bevande, description: Generi alimentari }], date: Wed Jul 15 09:26:03 CEST 2020, movements: Movement { ID: 1539330489, description: 'Pizza con Amici, amount: 10.56, accountID: 1326890527, type: DEBIT, transactionID: -1881009804 }
 }

lug 15, 2020 9:26:50 AM it.unicam.cs.pa.jbudget105056.controller.LoggerManagerImplementation setMessage
INFO: Account Aggiunto: Account {ID: 1326890527, name: Cassa, description: Portafoglio Personale, opening: 30.5, type: ASSETS, movements:  }

lug 15, 2020 9:26:51 AM it.unicam.cs.pa.jbudget105056.controller.LoggerManagerImplementation setMessage
INFO: Account Aggiunto: Account {ID: 559058207, name: Conto Bancario, description: Conto Bancario, opening: 2489.78, type: ASSETS, movements:  }

lug 15, 2020 9:26:52 AM it.unicam.cs.pa.jbudget105056.controller.LoggerManagerImplementation setMessage
INFO: Account Aggiunto: Account {ID: -705401879, name: Carta di Debito, description: Carta di debito, opening: 0.0, type: LIABILITIES, movements:  }

lug 15, 2020 9:27:03 AM it.unicam.cs.pa.jbudget105056.controller.LoggerManagerImplementation setMessage
INFO: Tag Aggiunto: Tag { ID: -1158587444, name: Shopping, description: Abbigliamento & Scarpe }

lug 15, 2020 9:27:05 AM it.unicam.cs.pa.jbudget105056.controller.LoggerManagerImplementation setMessage
INFO: Tag Aggiunto: Tag { ID: 1371686698, name: Cibo & Bevande, description: Generi alimentari }

lug 15, 2020 9:27:05 AM it.unicam.cs.pa.jbudget105056.controller.LoggerManagerImplementation setMessage
INFO: Tag Aggiunto: Tag { ID: 588683109, name: Spese Fianaziarie, description: Prelievo }

lug 15, 2020 9:27:14 AM it.unicam.cs.pa.jbudget105056.controller.LoggerManagerImplementation setMessage
INFO: Transazione Aggiunta: Transaction {ID: 240530227, tags: [Tag { ID: 1371686698, name: Cibo & Bevande, description: Generi alimentari }], date: Wed Jul 15 09:27:14 CEST 2020, movements: Movement { ID: 1539330489, description: 'Pizza con Amici, amount: 10.56, accountID: 1326890527, type: DEBIT, transactionID: 240530227 }
 }

lug 15, 2020 9:28:37 AM it.unicam.cs.pa.jbudget105056.controller.LoggerManagerImplementation setMessage
INFO: Account Aggiunto: Account {ID: 1326890527, name: Cassa, description: Portafoglio Personale, opening: 30.5, type: ASSETS, movements:  }

lug 15, 2020 9:28:37 AM it.unicam.cs.pa.jbudget105056.controller.LoggerManagerImplementation setMessage
INFO: Account Aggiunto: Account {ID: 559058207, name: Conto Bancario, description: Conto Bancario, opening: 2489.78, type: ASSETS, movements:  }

lug 15, 2020 9:28:37 AM it.unicam.cs.pa.jbudget105056.controller.LoggerManagerImplementation setMessage
INFO: Account Aggiunto: Account {ID: -705401879, name: Carta di Debito, description: Carta di debito, opening: 0.0, type: LIABILITIES, movements:  }

lug 15, 2020 9:28:37 AM it.unicam.cs.pa.jbudget105056.controller.LoggerManagerImplementation setMessage
INFO: Tag Aggiunto: Tag { ID: -1158587444, name: Shopping, description: Abbigliamento & Scarpe }

lug 15, 2020 9:28:37 AM it.unicam.cs.pa.jbudget105056.controller.LoggerManagerImplementation setMessage
INFO: Tag Aggiunto: Tag { ID: 1371686698, name: Cibo & Bevande, description: Generi alimentari }

lug 15, 2020 9:28:37 AM it.unicam.cs.pa.jbudget105056.controller.LoggerManagerImplementation setMessage
INFO: Tag Aggiunto: Tag { ID: 588683109, name: Spese Fianaziarie, description: Prelievo }

lug 15, 2020 9:28:37 AM it.unicam.cs.pa.jbudget105056.controller.LoggerManagerImplementation setMessage
INFO: Transazione Aggiunta: Transaction {ID: -1102749741, tags: [Tag { ID: 1371686698, name: Cibo & Bevande, description: Generi alimentari }], date: Wed Jul 15 09:28:37 CEST 2020, movements: Movement { ID: 1539330489, description: 'Pizza con Amici, amount: 10.56, accountID: 1326890527, type: DEBIT, transactionID: -1102749741 }
 }

lug 15, 2020 9:31:51 AM it.unicam.cs.pa.jbudget105056.controller.LoggerManagerImplementation setMessage
INFO: Account Aggiunto: Account {ID: 1326890527, name: Cassa, description: Portafoglio Personale, opening: 30.5, type: ASSETS, movements:  }

lug 15, 2020 9:31:51 AM it.unicam.cs.pa.jbudget105056.controller.LoggerManagerImplementation setMessage
INFO: Account Aggiunto: Account {ID: 559058207, name: Conto Bancario, description: Conto Bancario, opening: 2489.78, type: ASSETS, movements:  }

lug 15, 2020 9:31:51 AM it.unicam.cs.pa.jbudget105056.controller.LoggerManagerImplementation setMessage
INFO: Account Aggiunto: Account {ID: -705401879, name: Carta di Debito, description: Carta di debito, opening: 0.0, type: LIABILITIES, movements:  }

lug 15, 2020 9:31:51 AM it.unicam.cs.pa.jbudget105056.controller.LoggerManagerImplementation setMessage
INFO: Tag Aggiunto: Tag { ID: -1158587444, name: Shopping, description: Abbigliamento & Scarpe }

lug 15, 2020 9:31:51 AM it.unicam.cs.pa.jbudget105056.controller.LoggerManagerImplementation setMessage
INFO: Tag Aggiunto: Tag { ID: 1371686698, name: Cibo & Bevande, description: Generi alimentari }

lug 15, 2020 9:31:51 AM it.unicam.cs.pa.jbudget105056.controller.LoggerManagerImplementation setMessage
INFO: Tag Aggiunto: Tag { ID: 588683109, name: Spese Fianaziarie, description: Prelievo }

lug 15, 2020 9:31:51 AM it.unicam.cs.pa.jbudget105056.controller.LoggerManagerImplementation setMessage
INFO: Transazione Aggiunta: Transaction {ID: 2098684147, tags: [Tag { ID: 1371686698, name: Cibo & Bevande, description: Generi alimentari }], date: Wed Jul 15 09:31:51 CEST 2020, movements: Movement { ID: 1539330489, description: 'Pizza con Amici, amount: 10.56, accountID: 1326890527, type: DEBIT, transactionID: 2098684147 }
 }

lug 15, 2020 9:32:56 AM it.unicam.cs.pa.jbudget105056.controller.LoggerManagerImplementation setMessage
INFO: Account Aggiunto: Account {ID: 1326890527, name: Cassa, description: Portafoglio Personale, opening: 30.5, type: ASSETS, movements:  }

lug 15, 2020 9:32:56 AM it.unicam.cs.pa.jbudget105056.controller.LoggerManagerImplementation setMessage
INFO: Account Aggiunto: Account {ID: 559058207, name: Conto Bancario, description: Conto Bancario, opening: 2489.78, type: ASSETS, movements:  }

lug 15, 2020 9:32:56 AM it.unicam.cs.pa.jbudget105056.controller.LoggerManagerImplementation setMessage
INFO: Account Aggiunto: Account {ID: -705401879, name: Carta di Debito, description: Carta di debito, opening: 0.0, type: LIABILITIES, movements:  }

lug 15, 2020 9:32:56 AM it.unicam.cs.pa.jbudget105056.controller.LoggerManagerImplementation setMessage
INFO: Tag Aggiunto: Tag { ID: -1158587444, name: Shopping, description: Abbigliamento & Scarpe }

lug 15, 2020 9:32:56 AM it.unicam.cs.pa.jbudget105056.controller.LoggerManagerImplementation setMessage
INFO: Tag Aggiunto: Tag { ID: 1371686698, name: Cibo & Bevande, description: Generi alimentari }

lug 15, 2020 9:32:56 AM it.unicam.cs.pa.jbudget105056.controller.LoggerManagerImplementation setMessage
INFO: Tag Aggiunto: Tag { ID: 588683109, name: Spese Fianaziarie, description: Prelievo }

lug 15, 2020 9:32:56 AM it.unicam.cs.pa.jbudget105056.controller.LoggerManagerImplementation setMessage
INFO: Transazione Aggiunta: Transaction {ID: 1198303319, tags: [Tag { ID: 1371686698, name: Cibo & Bevande, description: Generi alimentari }], date: Wed Jul 15 09:32:56 CEST 2020, movements: Movement { ID: 1539330489, description: 'Pizza con Amici, amount: 10.56, accountID: 1326890527, type: DEBIT, transactionID: 1198303319 }
 }

lug 15, 2020 9:33:53 AM it.unicam.cs.pa.jbudget105056.controller.LoggerManagerImplementation setMessage
INFO: Account Aggiunto: Account {ID: 1326890527, name: Cassa, description: Portafoglio Personale, opening: 30.5, type: ASSETS, movements:  }

lug 15, 2020 9:33:53 AM it.unicam.cs.pa.jbudget105056.controller.LoggerManagerImplementation setMessage
INFO: Account Aggiunto: Account {ID: 559058207, name: Conto Bancario, description: Conto Bancario, opening: 2489.78, type: ASSETS, movements:  }

lug 15, 2020 9:33:53 AM it.unicam.cs.pa.jbudget105056.controller.LoggerManagerImplementation setMessage
INFO: Account Aggiunto: Account {ID: -705401879, name: Carta di Debito, description: Carta di debito, opening: 0.0, type: LIABILITIES, movements:  }

lug 15, 2020 9:33:53 AM it.unicam.cs.pa.jbudget105056.controller.LoggerManagerImplementation setMessage
INFO: Tag Aggiunto: Tag { ID: -1158587444, name: Shopping, description: Abbigliamento & Scarpe }

lug 15, 2020 9:33:53 AM it.unicam.cs.pa.jbudget105056.controller.LoggerManagerImplementation setMessage
INFO: Tag Aggiunto: Tag { ID: 1371686698, name: Cibo & Bevande, description: Generi alimentari }

lug 15, 2020 9:33:53 AM it.unicam.cs.pa.jbudget105056.controller.LoggerManagerImplementation setMessage
INFO: Tag Aggiunto: Tag { ID: 588683109, name: Spese Fianaziarie, description: Prelievo }

lug 15, 2020 9:33:54 AM it.unicam.cs.pa.jbudget105056.controller.LoggerManagerImplementation setMessage
INFO: Transazione Aggiunta: Transaction {ID: 1788631475, tags: [Tag { ID: 1371686698, name: Cibo & Bevande, description: Generi alimentari }], date: Wed Jul 15 09:33:53 CEST 2020, movements: Movement { ID: 1539330489, description: 'Pizza con Amici, amount: 10.56, accountID: 1326890527, type: DEBIT, transactionID: 1788631475 }
 }

lug 15, 2020 9:37:39 AM it.unicam.cs.pa.jbudget105056.controller.LoggerManagerImplementation setMessage
INFO: Account Aggiunto: Account {ID: 1326890527, name: Cassa, description: Portafoglio Personale, opening: 30.5, type: ASSETS, movements:  }

lug 15, 2020 9:37:39 AM it.unicam.cs.pa.jbudget105056.controller.LoggerManagerImplementation setMessage
INFO: Account Aggiunto: Account {ID: 559058207, name: Conto Bancario, description: Conto Bancario, opening: 2489.78, type: ASSETS, movements:  }

lug 15, 2020 9:37:39 AM it.unicam.cs.pa.jbudget105056.controller.LoggerManagerImplementation setMessage
INFO: Account Aggiunto: Account {ID: -705401879, name: Carta di Debito, description: Carta di debito, opening: 0.0, type: LIABILITIES, movements:  }

lug 15, 2020 9:37:39 AM it.unicam.cs.pa.jbudget105056.controller.LoggerManagerImplementation setMessage
INFO: Tag Aggiunto: Tag { ID: -1158587444, name: Shopping, description: Abbigliamento & Scarpe }

lug 15, 2020 9:37:39 AM it.unicam.cs.pa.jbudget105056.controller.LoggerManagerImplementation setMessage
INFO: Tag Aggiunto: Tag { ID: 1371686698, name: Cibo & Bevande, description: Generi alimentari }

lug 15, 2020 9:37:39 AM it.unicam.cs.pa.jbudget105056.controller.LoggerManagerImplementation setMessage
INFO: Tag Aggiunto: Tag { ID: 588683109, name: Spese Fianaziarie, description: Prelievo }

lug 15, 2020 9:37:40 AM it.unicam.cs.pa.jbudget105056.controller.LoggerManagerImplementation setMessage
INFO: Transazione Aggiunta: Transaction {ID: 1611425271, tags: [Tag { ID: 1371686698, name: Cibo & Bevande, description: Generi alimentari }], date: Wed Jul 15 09:37:39 CEST 2020, movements: Movement { ID: 1539330489, description: 'Pizza con Amici, amount: 10.56, accountID: 1326890527, type: DEBIT, transactionID: 1611425271 }
 }

lug 15, 2020 9:38:20 AM it.unicam.cs.pa.jbudget105056.controller.LoggerManagerImplementation setMessage
INFO: Account Aggiunto: Account {ID: 1326890527, name: Cassa, description: Portafoglio Personale, opening: 30.5, type: ASSETS, movements:  }

lug 15, 2020 9:38:20 AM it.unicam.cs.pa.jbudget105056.controller.LoggerManagerImplementation setMessage
INFO: Account Aggiunto: Account {ID: 559058207, name: Conto Bancario, description: Conto Bancario, opening: 2489.78, type: ASSETS, movements:  }

lug 15, 2020 9:38:20 AM it.unicam.cs.pa.jbudget105056.controller.LoggerManagerImplementation setMessage
INFO: Account Aggiunto: Account {ID: -705401879, name: Carta di Debito, description: Carta di debito, opening: 0.0, type: LIABILITIES, movements:  }

lug 15, 2020 9:38:20 AM it.unicam.cs.pa.jbudget105056.controller.LoggerManagerImplementation setMessage
INFO: Tag Aggiunto: Tag { ID: -1158587444, name: Shopping, description: Abbigliamento & Scarpe }

lug 15, 2020 9:38:20 AM it.unicam.cs.pa.jbudget105056.controller.LoggerManagerImplementation setMessage
INFO: Tag Aggiunto: Tag { ID: 1371686698, name: Cibo & Bevande, description: Generi alimentari }

lug 15, 2020 9:38:20 AM it.unicam.cs.pa.jbudget105056.controller.LoggerManagerImplementation setMessage
INFO: Tag Aggiunto: Tag { ID: 588683109, name: Spese Fianaziarie, description: Prelievo }

lug 15, 2020 9:38:20 AM it.unicam.cs.pa.jbudget105056.controller.LoggerManagerImplementation setMessage
INFO: Transazione Aggiunta: Transaction {ID: -30523026, tags: [Tag { ID: 1371686698, name: Cibo & Bevande, description: Generi alimentari }], date: Wed Jul 15 09:38:20 CEST 2020, movements: Movement { ID: 1539330489, description: 'Pizza con Amici, amount: 10.56, accountID: 1326890527, type: DEBIT, transactionID: -30523026 }
 }

lug 15, 2020 9:38:40 AM it.unicam.cs.pa.jbudget105056.controller.LoggerManagerImplementation setMessage
INFO: Account Aggiunto: Account {ID: 1326890527, name: Cassa, description: Portafoglio Personale, opening: 30.5, type: ASSETS, movements:  }

lug 15, 2020 9:38:40 AM it.unicam.cs.pa.jbudget105056.controller.LoggerManagerImplementation setMessage
INFO: Account Aggiunto: Account {ID: 559058207, name: Conto Bancario, description: Conto Bancario, opening: 2489.78, type: ASSETS, movements:  }

lug 15, 2020 9:38:40 AM it.unicam.cs.pa.jbudget105056.controller.LoggerManagerImplementation setMessage
INFO: Account Aggiunto: Account {ID: -705401879, name: Carta di Debito, description: Carta di debito, opening: 0.0, type: LIABILITIES, movements:  }

lug 15, 2020 9:38:40 AM it.unicam.cs.pa.jbudget105056.controller.LoggerManagerImplementation setMessage
INFO: Tag Aggiunto: Tag { ID: -1158587444, name: Shopping, description: Abbigliamento & Scarpe }

lug 15, 2020 9:38:40 AM it.unicam.cs.pa.jbudget105056.controller.LoggerManagerImplementation setMessage
INFO: Tag Aggiunto: Tag { ID: 1371686698, name: Cibo & Bevande, description: Generi alimentari }

lug 15, 2020 9:38:40 AM it.unicam.cs.pa.jbudget105056.controller.LoggerManagerImplementation setMessage
INFO: Tag Aggiunto: Tag { ID: 588683109, name: Spese Fianaziarie, description: Prelievo }

lug 15, 2020 9:38:40 AM it.unicam.cs.pa.jbudget105056.controller.LoggerManagerImplementation setMessage
INFO: Transazione Aggiunta: Transaction {ID: 227642412, tags: [Tag { ID: 1371686698, name: Cibo & Bevande, description: Generi alimentari }], date: Wed Jul 15 09:38:40 CEST 2020, movements: Movement { ID: 1539330489, description: 'Pizza con Amici, amount: 10.56, accountID: 1326890527, type: DEBIT, transactionID: 227642412 }
 }

lug 15, 2020 9:39:26 AM it.unicam.cs.pa.jbudget105056.controller.LoggerManagerImplementation setMessage
INFO: Account Aggiunto: Account {ID: 1326890527, name: Cassa, description: Portafoglio Personale, opening: 30.5, type: ASSETS, movements:  }

lug 15, 2020 9:39:26 AM it.unicam.cs.pa.jbudget105056.controller.LoggerManagerImplementation setMessage
INFO: Account Aggiunto: Account {ID: 559058207, name: Conto Bancario, description: Conto Bancario, opening: 2489.78, type: ASSETS, movements:  }

lug 15, 2020 9:39:26 AM it.unicam.cs.pa.jbudget105056.controller.LoggerManagerImplementation setMessage
INFO: Account Aggiunto: Account {ID: -705401879, name: Carta di Debito, description: Carta di debito, opening: 0.0, type: LIABILITIES, movements:  }

lug 15, 2020 9:39:26 AM it.unicam.cs.pa.jbudget105056.controller.LoggerManagerImplementation setMessage
INFO: Tag Aggiunto: Tag { ID: -1158587444, name: Shopping, description: Abbigliamento & Scarpe }

lug 15, 2020 9:39:26 AM it.unicam.cs.pa.jbudget105056.controller.LoggerManagerImplementation setMessage
INFO: Tag Aggiunto: Tag { ID: 1371686698, name: Cibo & Bevande, description: Generi alimentari }

lug 15, 2020 9:39:26 AM it.unicam.cs.pa.jbudget105056.controller.LoggerManagerImplementation setMessage
INFO: Tag Aggiunto: Tag { ID: 588683109, name: Spese Fianaziarie, description: Prelievo }

lug 15, 2020 9:39:26 AM it.unicam.cs.pa.jbudget105056.controller.LoggerManagerImplementation setMessage
INFO: Transazione Aggiunta: Transaction {ID: 1567112083, tags: [Tag { ID: 1371686698, name: Cibo & Bevande, description: Generi alimentari }], date: Wed Jul 15 09:39:26 CEST 2020, movements: Movement { ID: 1539330489, description: 'Pizza con Amici, amount: 10.56, accountID: 1326890527, type: DEBIT, transactionID: 1567112083 }
 }

lug 15, 2020 9:42:52 AM it.unicam.cs.pa.jbudget105056.controller.LoggerManagerImplementation setMessage
INFO: Account Aggiunto: Account {ID: 1326890527, name: Cassa, description: Portafoglio Personale, opening: 30.5, type: ASSETS, movements:  }

lug 15, 2020 9:42:52 AM it.unicam.cs.pa.jbudget105056.controller.LoggerManagerImplementation setMessage
INFO: Account Aggiunto: Account {ID: 559058207, name: Conto Bancario, description: Conto Bancario, opening: 2489.78, type: ASSETS, movements:  }

lug 15, 2020 9:42:52 AM it.unicam.cs.pa.jbudget105056.controller.LoggerManagerImplementation setMessage
INFO: Account Aggiunto: Account {ID: -705401879, name: Carta di Debito, description: Carta di debito, opening: 0.0, type: LIABILITIES, movements:  }

lug 15, 2020 9:42:52 AM it.unicam.cs.pa.jbudget105056.controller.LoggerManagerImplementation setMessage
INFO: Tag Aggiunto: Tag { ID: -1158587444, name: Shopping, description: Abbigliamento & Scarpe }

lug 15, 2020 9:42:52 AM it.unicam.cs.pa.jbudget105056.controller.LoggerManagerImplementation setMessage
INFO: Tag Aggiunto: Tag { ID: 1371686698, name: Cibo & Bevande, description: Generi alimentari }

lug 15, 2020 9:42:52 AM it.unicam.cs.pa.jbudget105056.controller.LoggerManagerImplementation setMessage
INFO: Tag Aggiunto: Tag { ID: 588683109, name: Spese Fianaziarie, description: Prelievo }

lug 15, 2020 9:42:52 AM it.unicam.cs.pa.jbudget105056.controller.LoggerManagerImplementation setMessage
INFO: Transazione Aggiunta: Transaction {ID: 1303725972, tags: [Tag { ID: 1371686698, name: Cibo & Bevande, description: Generi alimentari }], date: Wed Jul 15 09:42:52 CEST 2020, movements: Movement { ID: 1539330489, description: 'Pizza con Amici, amount: 10.56, accountID: 1326890527, type: DEBIT, transactionID: 1303725972 }
 }

lug 15, 2020 9:43:21 AM it.unicam.cs.pa.jbudget105056.controller.LoggerManagerImplementation setMessage
INFO: Account Aggiunto: Account {ID: 1326890527, name: Cassa, description: Portafoglio Personale, opening: 30.5, type: ASSETS, movements:  }

lug 15, 2020 9:43:21 AM it.unicam.cs.pa.jbudget105056.controller.LoggerManagerImplementation setMessage
INFO: Account Aggiunto: Account {ID: 559058207, name: Conto Bancario, description: Conto Bancario, opening: 2489.78, type: ASSETS, movements:  }

lug 15, 2020 9:43:21 AM it.unicam.cs.pa.jbudget105056.controller.LoggerManagerImplementation setMessage
INFO: Account Aggiunto: Account {ID: -705401879, name: Carta di Debito, description: Carta di debito, opening: 0.0, type: LIABILITIES, movements:  }

lug 15, 2020 9:43:21 AM it.unicam.cs.pa.jbudget105056.controller.LoggerManagerImplementation setMessage
INFO: Tag Aggiunto: Tag { ID: -1158587444, name: Shopping, description: Abbigliamento & Scarpe }

lug 15, 2020 9:43:21 AM it.unicam.cs.pa.jbudget105056.controller.LoggerManagerImplementation setMessage
INFO: Tag Aggiunto: Tag { ID: 1371686698, name: Cibo & Bevande, description: Generi alimentari }

lug 15, 2020 9:43:21 AM it.unicam.cs.pa.jbudget105056.controller.LoggerManagerImplementation setMessage
INFO: Tag Aggiunto: Tag { ID: 588683109, name: Spese Fianaziarie, description: Prelievo }

lug 15, 2020 9:43:21 AM it.unicam.cs.pa.jbudget105056.controller.LoggerManagerImplementation setMessage
INFO: Transazione Aggiunta: Transaction {ID: -2087096747, tags: [Tag { ID: 1371686698, name: Cibo & Bevande, description: Generi alimentari }], date: Wed Jul 15 09:43:21 CEST 2020, movements: Movement { ID: 1539330489, description: 'Pizza con Amici, amount: 10.56, accountID: 1326890527, type: DEBIT, transactionID: -2087096747 }
 }

lug 15, 2020 9:43:50 AM it.unicam.cs.pa.jbudget105056.controller.LoggerManagerImplementation setMessage
INFO: Account Aggiunto: Account {ID: 1326890527, name: Cassa, description: Portafoglio Personale, opening: 30.5, type: ASSETS, movements:  }

lug 15, 2020 9:43:50 AM it.unicam.cs.pa.jbudget105056.controller.LoggerManagerImplementation setMessage
INFO: Account Aggiunto: Account {ID: 559058207, name: Conto Bancario, description: Conto Bancario, opening: 2489.78, type: ASSETS, movements:  }

lug 15, 2020 9:43:50 AM it.unicam.cs.pa.jbudget105056.controller.LoggerManagerImplementation setMessage
INFO: Account Aggiunto: Account {ID: -705401879, name: Carta di Debito, description: Carta di debito, opening: 0.0, type: LIABILITIES, movements:  }

lug 15, 2020 9:43:50 AM it.unicam.cs.pa.jbudget105056.controller.LoggerManagerImplementation setMessage
INFO: Tag Aggiunto: Tag { ID: -1158587444, name: Shopping, description: Abbigliamento & Scarpe }

lug 15, 2020 9:43:50 AM it.unicam.cs.pa.jbudget105056.controller.LoggerManagerImplementation setMessage
INFO: Tag Aggiunto: Tag { ID: 1371686698, name: Cibo & Bevande, description: Generi alimentari }

lug 15, 2020 9:43:50 AM it.unicam.cs.pa.jbudget105056.controller.LoggerManagerImplementation setMessage
INFO: Tag Aggiunto: Tag { ID: 588683109, name: Spese Fianaziarie, description: Prelievo }

lug 15, 2020 9:43:50 AM it.unicam.cs.pa.jbudget105056.controller.LoggerManagerImplementation setMessage
INFO: Transazione Aggiunta: Transaction {ID: 97102769, tags: [Tag { ID: 1371686698, name: Cibo & Bevande, description: Generi alimentari }], date: Wed Jul 15 09:43:50 CEST 2020, movements: Movement { ID: 1539330489, description: 'Pizza con Amici, amount: 10.56, accountID: 1326890527, type: DEBIT, transactionID: 97102769 }
 }

lug 15, 2020 9:46:23 AM it.unicam.cs.pa.jbudget105056.controller.LoggerManagerImplementation setMessage
INFO: Account Aggiunto: Account {ID: 1326890527, name: Cassa, description: Portafoglio Personale, opening: 30.5, type: ASSETS, movements:  }

lug 15, 2020 9:46:23 AM it.unicam.cs.pa.jbudget105056.controller.LoggerManagerImplementation setMessage
INFO: Account Aggiunto: Account {ID: 559058207, name: Conto Bancario, description: Conto Bancario, opening: 2489.78, type: ASSETS, movements:  }

lug 15, 2020 9:46:23 AM it.unicam.cs.pa.jbudget105056.controller.LoggerManagerImplementation setMessage
INFO: Account Aggiunto: Account {ID: -705401879, name: Carta di Debito, description: Carta di debito, opening: 0.0, type: LIABILITIES, movements:  }

lug 15, 2020 9:46:23 AM it.unicam.cs.pa.jbudget105056.controller.LoggerManagerImplementation setMessage
INFO: Tag Aggiunto: Tag { ID: -1158587444, name: Shopping, description: Abbigliamento & Scarpe }

lug 15, 2020 9:46:23 AM it.unicam.cs.pa.jbudget105056.controller.LoggerManagerImplementation setMessage
INFO: Tag Aggiunto: Tag { ID: 1371686698, name: Cibo & Bevande, description: Generi alimentari }

lug 15, 2020 9:46:23 AM it.unicam.cs.pa.jbudget105056.controller.LoggerManagerImplementation setMessage
INFO: Tag Aggiunto: Tag { ID: 588683109, name: Spese Fianaziarie, description: Prelievo }

lug 15, 2020 9:46:24 AM it.unicam.cs.pa.jbudget105056.controller.LoggerManagerImplementation setMessage
INFO: Transazione Aggiunta: Transaction {ID: 1392259252, tags: [Tag { ID: 1371686698, name: Cibo & Bevande, description: Generi alimentari }], date: Wed Jul 15 09:46:23 CEST 2020, movements: Movement { ID: 1539330489, description: 'Pizza con Amici, amount: 10.56, accountID: 1326890527, type: DEBIT, transactionID: 1392259252 }
 }

lug 15, 2020 9:47:17 AM it.unicam.cs.pa.jbudget105056.controller.LoggerManagerImplementation setMessage
INFO: Account Aggiunto: Account {ID: 1326890527, name: Cassa, description: Portafoglio Personale, opening: 30.5, type: ASSETS, movements:  }

lug 15, 2020 9:47:17 AM it.unicam.cs.pa.jbudget105056.controller.LoggerManagerImplementation setMessage
INFO: Account Aggiunto: Account {ID: 559058207, name: Conto Bancario, description: Conto Bancario, opening: 2489.78, type: ASSETS, movements:  }

lug 15, 2020 9:47:17 AM it.unicam.cs.pa.jbudget105056.controller.LoggerManagerImplementation setMessage
INFO: Account Aggiunto: Account {ID: -705401879, name: Carta di Debito, description: Carta di debito, opening: 0.0, type: LIABILITIES, movements:  }

lug 15, 2020 9:47:17 AM it.unicam.cs.pa.jbudget105056.controller.LoggerManagerImplementation setMessage
INFO: Tag Aggiunto: Tag { ID: -1158587444, name: Shopping, description: Abbigliamento & Scarpe }

lug 15, 2020 9:47:17 AM it.unicam.cs.pa.jbudget105056.controller.LoggerManagerImplementation setMessage
INFO: Tag Aggiunto: Tag { ID: 1371686698, name: Cibo & Bevande, description: Generi alimentari }

lug 15, 2020 9:47:17 AM it.unicam.cs.pa.jbudget105056.controller.LoggerManagerImplementation setMessage
INFO: Tag Aggiunto: Tag { ID: 588683109, name: Spese Fianaziarie, description: Prelievo }

lug 15, 2020 9:47:17 AM it.unicam.cs.pa.jbudget105056.controller.LoggerManagerImplementation setMessage
INFO: Transazione Aggiunta: Transaction {ID: -2135220232, tags: [Tag { ID: 1371686698, name: Cibo & Bevande, description: Generi alimentari }], date: Wed Jul 15 09:47:17 CEST 2020, movements: Movement { ID: 1539330489, description: 'Pizza con Amici, amount: 10.56, accountID: 1326890527, type: DEBIT, transactionID: -2135220232 }
 }

lug 15, 2020 9:48:12 AM it.unicam.cs.pa.jbudget105056.controller.LoggerManagerImplementation setMessage
INFO: Account Aggiunto: Account {ID: 1326890527, name: Cassa, description: Portafoglio Personale, opening: 30.5, type: ASSETS, movements:  }

lug 15, 2020 9:48:12 AM it.unicam.cs.pa.jbudget105056.controller.LoggerManagerImplementation setMessage
INFO: Account Aggiunto: Account {ID: 559058207, name: Conto Bancario, description: Conto Bancario, opening: 2489.78, type: ASSETS, movements:  }

lug 15, 2020 9:48:12 AM it.unicam.cs.pa.jbudget105056.controller.LoggerManagerImplementation setMessage
INFO: Account Aggiunto: Account {ID: -705401879, name: Carta di Debito, description: Carta di debito, opening: 0.0, type: LIABILITIES, movements:  }

lug 15, 2020 9:48:12 AM it.unicam.cs.pa.jbudget105056.controller.LoggerManagerImplementation setMessage
INFO: Tag Aggiunto: Tag { ID: -1158587444, name: Shopping, description: Abbigliamento & Scarpe }

lug 15, 2020 9:48:12 AM it.unicam.cs.pa.jbudget105056.controller.LoggerManagerImplementation setMessage
INFO: Tag Aggiunto: Tag { ID: 1371686698, name: Cibo & Bevande, description: Generi alimentari }

lug 15, 2020 9:48:12 AM it.unicam.cs.pa.jbudget105056.controller.LoggerManagerImplementation setMessage
INFO: Tag Aggiunto: Tag { ID: 588683109, name: Spese Fianaziarie, description: Prelievo }

lug 15, 2020 9:48:12 AM it.unicam.cs.pa.jbudget105056.controller.LoggerManagerImplementation setMessage
INFO: Transazione Aggiunta: Transaction {ID: 2049010642, tags: [Tag { ID: 1371686698, name: Cibo & Bevande, description: Generi alimentari }], date: Wed Jul 15 09:48:12 CEST 2020, movements: Movement { ID: 1539330489, description: 'Pizza con Amici, amount: 10.56, accountID: 1326890527, type: DEBIT, transactionID: 2049010642 }
 }

lug 15, 2020 9:48:51 AM it.unicam.cs.pa.jbudget105056.controller.LoggerManagerImplementation setMessage
INFO: Account Aggiunto: Account {ID: 1326890527, name: Cassa, description: Portafoglio Personale, opening: 30.5, type: ASSETS, movements:  }

lug 15, 2020 9:48:51 AM it.unicam.cs.pa.jbudget105056.controller.LoggerManagerImplementation setMessage
INFO: Account Aggiunto: Account {ID: 559058207, name: Conto Bancario, description: Conto Bancario, opening: 2489.78, type: ASSETS, movements:  }

lug 15, 2020 9:48:51 AM it.unicam.cs.pa.jbudget105056.controller.LoggerManagerImplementation setMessage
INFO: Account Aggiunto: Account {ID: -705401879, name: Carta di Debito, description: Carta di debito, opening: 0.0, type: LIABILITIES, movements:  }

lug 15, 2020 9:48:51 AM it.unicam.cs.pa.jbudget105056.controller.LoggerManagerImplementation setMessage
INFO: Tag Aggiunto: Tag { ID: -1158587444, name: Shopping, description: Abbigliamento & Scarpe }

lug 15, 2020 9:48:51 AM it.unicam.cs.pa.jbudget105056.controller.LoggerManagerImplementation setMessage
INFO: Tag Aggiunto: Tag { ID: 1371686698, name: Cibo & Bevande, description: Generi alimentari }

lug 15, 2020 9:48:51 AM it.unicam.cs.pa.jbudget105056.controller.LoggerManagerImplementation setMessage
INFO: Tag Aggiunto: Tag { ID: 588683109, name: Spese Fianaziarie, description: Prelievo }

lug 15, 2020 9:48:52 AM it.unicam.cs.pa.jbudget105056.controller.LoggerManagerImplementation setMessage
INFO: Transazione Aggiunta: Transaction {ID: 67325581, tags: [Tag { ID: 1371686698, name: Cibo & Bevande, description: Generi alimentari }], date: Wed Jul 15 09:48:51 CEST 2020, movements: Movement { ID: 1539330489, description: 'Pizza con Amici, amount: 10.56, accountID: 1326890527, type: DEBIT, transactionID: 67325581 }
 }

lug 15, 2020 10:03:28 AM it.unicam.cs.pa.jbudget105056.controller.LoggerManagerImplementation setMessage
WARNING: Ledger.json not found

lug 15, 2020 10:03:28 AM it.unicam.cs.pa.jbudget105056.controller.LoggerManagerImplementation setMessage
INFO: Created a new Ledger

lug 15, 2020 10:05:43 AM it.unicam.cs.pa.jbudget105056.controller.LoggerManagerImplementation setMessage
WARNING: Ledger.json not found

lug 15, 2020 10:05:43 AM it.unicam.cs.pa.jbudget105056.controller.LoggerManagerImplementation setMessage
INFO: Created a new Ledger

lug 15, 2020 10:06:51 AM it.unicam.cs.pa.jbudget105056.controller.LoggerManagerImplementation setMessage
INFO: Account Aggiunto: Account {ID: 1326890527, name: Cassa, description: Portafoglio Personale, opening: 150.0, type: ASSETS, movements:  }

lug 15, 2020 10:07:19 AM it.unicam.cs.pa.jbudget105056.controller.LoggerManagerImplementation setMessage
INFO: Account Aggiunto: Account {ID: 839305604, name: Conto Bancario, description: Conto Bancario Personale, opening: 2500.0, type: ASSETS, movements:  }

lug 15, 2020 10:07:46 AM it.unicam.cs.pa.jbudget105056.controller.LoggerManagerImplementation setMessage
INFO: Account Aggiunto: Account {ID: 73528110, name: Carta di Debito, description: Carta di Debito Personale, opening: 0.0, type: LIABILITIES, movements:  }

lug 15, 2020 10:08:54 AM it.unicam.cs.pa.jbudget105056.controller.LoggerManagerImplementation setMessage
INFO: Tag Aggiunto: Tag { ID: 332526956, name: Spese Finanziarie, description: Prelievo }

lug 15, 2020 10:09:26 AM it.unicam.cs.pa.jbudget105056.controller.LoggerManagerImplementation setMessage
INFO: Tag Aggiunto: Tag { ID: -311730714, name: Scarpe, description: Vestiario }

lug 15, 2020 10:09:44 AM it.unicam.cs.pa.jbudget105056.controller.LoggerManagerImplementation setMessage
INFO: Tag Aggiunto: Tag { ID: 1980758028, name: Ristorante, description: Cibo }

lug 15, 2020 10:10:08 AM it.unicam.cs.pa.jbudget105056.controller.LoggerManagerImplementation setMessage
INFO: Tag Aggiunto: Tag { ID: 1521131158, name: Macchina, description: Spese Macchina }

lug 15, 2020 10:10:57 AM it.unicam.cs.pa.jbudget105056.controller.LoggerManagerImplementation setMessage
INFO: Transazione Aggiunta: Transaction {ID: 311554453, tags: [Tag { ID: 1980758028, name: Ristorante, description: Cibo }], date: Tue Jul 07 20:00:00 CEST 2020, movements: Movement { ID: 1539330489, description: 'Pizza con Amici, amount: 10.0, accountID: 1326890527, type: DEBIT, transactionID: 311554453 }
 }

lug 15, 2020 10:12:38 AM it.unicam.cs.pa.jbudget105056.controller.LoggerManagerImplementation setMessage
INFO: Budget Aggiunto: Tag { ID: 332526956, name: Spese Finanziarie, description: Prelievo }: 500.0

lug 15, 2020 10:12:48 AM it.unicam.cs.pa.jbudget105056.controller.LoggerManagerImplementation setMessage
INFO: Budget Aggiunto: Tag { ID: 1980758028, name: Ristorante, description: Cibo }: 100.0

lug 15, 2020 10:13:00 AM it.unicam.cs.pa.jbudget105056.controller.LoggerManagerImplementation setMessage
INFO: Budget Aggiunto: Tag { ID: 1521131158, name: Macchina, description: Spese Macchina }: 5000.0

lug 15, 2020 10:13:17 AM it.unicam.cs.pa.jbudget105056.controller.LoggerManagerImplementation setMessage
INFO: Budget Aggiunto: Tag { ID: -311730714, name: Scarpe, description: Vestiario }: 200.0

lug 15, 2020 10:14:56 AM it.unicam.cs.pa.jbudget105056.controller.LoggerManagerImplementation setMessage
INFO: Tag Aggiunto: Tag { ID: -77388218, name: Stipendio, description: Stipedio }

lug 15, 2020 10:15:39 AM it.unicam.cs.pa.jbudget105056.controller.LoggerManagerImplementation setMessage
INFO: Transazione Aggiunta: Transaction {ID: -1443839806, tags: [Tag { ID: -77388218, name: Stipendio, description: Stipedio }], date: Mon Jun 29 12:00:00 CEST 2020, movements: Movement { ID: -1601615577, description: 'Spipendio di giugno, amount: 2600.0, accountID: 839305604, type: CREDITS, transactionID: -1443839806 }
 }

lug 15, 2020 10:16:36 AM it.unicam.cs.pa.jbudget105056.controller.LoggerManagerImplementation setMessage
INFO: Transazione Aggiunta: Transaction {ID: 340272603, tags: [Tag { ID: 1521131158, name: Macchina, description: Spese Macchina }], date: Thu Jul 02 13:00:00 CEST 2020, movements: Movement { ID: -635236249, description: 'Macchina nuova, amount: 5000.0, accountID: 839305604, type: DEBIT, transactionID: 340272603 }
 }

lug 15, 2020 10:18:43 AM it.unicam.cs.pa.jbudget105056.controller.LoggerManagerImplementation setMessage
INFO: Transazione Programmata Aggiunta: it.unicam.cs.pa.jbudget105056.model.ScheduledTransactionImplementation@c227ac6a

lug 15, 2020 10:25:05 AM it.unicam.cs.pa.jbudget105056.controller.LoggerManagerImplementation setMessage
INFO: Transazione Programmata Aggiunta: it.unicam.cs.pa.jbudget105056.model.ScheduledTransactionImplementation@318f4f6

lug 15, 2020 10:31:45 AM it.unicam.cs.pa.jbudget105056.controller.LoggerManagerImplementation setMessage
INFO: Account Aggiunto: Account {ID: 1326890527, name: Cassa, description: Portafoglio Personale, opening: 30.5, type: ASSETS, movements:  }

lug 15, 2020 10:31:45 AM it.unicam.cs.pa.jbudget105056.controller.LoggerManagerImplementation setMessage
INFO: Account Aggiunto: Account {ID: 559058207, name: Conto Bancario, description: Conto Bancario, opening: 2489.78, type: ASSETS, movements:  }

lug 15, 2020 10:31:45 AM it.unicam.cs.pa.jbudget105056.controller.LoggerManagerImplementation setMessage
INFO: Account Aggiunto: Account {ID: -705401879, name: Carta di Debito, description: Carta di debito, opening: 0.0, type: LIABILITIES, movements:  }

lug 15, 2020 10:31:45 AM it.unicam.cs.pa.jbudget105056.controller.LoggerManagerImplementation setMessage
INFO: Tag Aggiunto: Tag { ID: -1158587444, name: Shopping, description: Abbigliamento & Scarpe }

lug 15, 2020 10:31:45 AM it.unicam.cs.pa.jbudget105056.controller.LoggerManagerImplementation setMessage
INFO: Tag Aggiunto: Tag { ID: 1371686698, name: Cibo & Bevande, description: Generi alimentari }

lug 15, 2020 10:31:45 AM it.unicam.cs.pa.jbudget105056.controller.LoggerManagerImplementation setMessage
INFO: Tag Aggiunto: Tag { ID: 588683109, name: Spese Fianaziarie, description: Prelievo }

lug 15, 2020 10:31:45 AM it.unicam.cs.pa.jbudget105056.controller.LoggerManagerImplementation setMessage
INFO: Transazione Aggiunta: Transaction {ID: -1215194450, tags: [Tag { ID: 1371686698, name: Cibo & Bevande, description: Generi alimentari }], date: Wed Jul 15 10:31:45 CEST 2020, movements: Movement { ID: 1539330499, description: 'Pizza con Amici, amount: 10.56, accountID: 1326890527, type: DEBIT, transactionID: -1215194450 }
 }

lug 15, 2020 10:34:17 AM it.unicam.cs.pa.jbudget105056.controller.LoggerManagerImplementation setMessage
INFO: Account Aggiunto: Account {ID: 1326890527, name: Cassa, description: Portafoglio Personale, opening: 30.5, type: ASSETS, movements:  }

